<?xml version="1.0" encoding="UTF-8"?>
<!-- Generated by org.testng.reporters.JUnitReportReporter -->
<testsuite hostname="MacBook-Pro.local" failures="0" tests="5" name="SeleniumDemo.MyFirstTest" time="2.791" errors="0" timestamp="2025-01-10T12:25:41 CST" skipped="0">
  <testcase classname="SeleniumDemo.MyFirstTest" name="OpenSwagLabsAsStandardUser" time="1.958"/>
  <testcase classname="SeleniumDemo.MyFirstTest" name="logoutWebApp" time="0.222"/>
  <testcase classname="SeleniumDemo.MyFirstTest" name="OpenSwagLabsAsLockedOutUser" time="0.258"/>
  <testcase classname="SeleniumDemo.MyFirstTest" name="OpenSwagLabsAsProblemUser" time="0.283"/>
  <testcase classname="SeleniumDemo.MyFirstTest" name="AddtoCart1" time="0.070"/>
</testsuite> <!-- SeleniumDemo.MyFirstTest -->
